Arguments: 
  D:\New Folder\node.exe C:\Program Files (x86)\Yarn\bin\yarn.js add passport-jwt

PATH: 
  C:\Program Files\Microsoft MPI\Bin\;C:\Program Files (x86)\Intel\iCLS Client\;C:\Program Files\Intel\iCLS Client\;C:\Windows\system32;C:\Windows;C:\Windows\System32\Wbem;C:\Windows\System32\WindowsPowerShell\v1.0\;C:\Program Files (x86)\Intel\Intel(R) Management Engine Components\DAL;C:\Program Files\Intel\Intel(R) Management Engine Components\DAL;C:\Program Files (x86)\Intel\Intel(R) Management Engine Components\IPT;C:\Program Files\Intel\Intel(R) Management Engine Components\IPT;C:\Program Files (x86)\NVIDIA Corporation\PhysX\Common;C:\WINDOWS\system32;C:\WINDOWS;C:\WINDOWS\System32\Wbem;C:\WINDOWS\System32\WindowsPowerShell\v1.0\;C:\Program Files\Microsoft SQL Server\120\Tools\Binn\;C:\Program Files (x86)\Microsoft SQL Server\100\Tools\Binn\;C:\Program Files\Microsoft SQL Server\100\Tools\Binn\;C:\Program Files\Microsoft SQL Server\100\DTS\Binn\;C:\Program Files (x86)\Microsoft SQL Server\100\Tools\Binn\VSShell\Common7\IDE\;C:\Program Files (x86)\Microsoft SQL Server\100\DTS\Binn\;C:\Program Files\Microsoft SQL Server\130\Tools\Binn\;C:\Program Files\dotnet\;D:\New Folder\;C:\Program Files\Git\cmd;C:\Program Files (x86)\Yarn\bin\;C:\Users\67539\AppData\Local\Microsoft\WindowsApps;;D:\Microsoft VS Code\bin;C:\Users\67539\AppData\Roaming\npm;C:\Program Files\heroku\bin;C:\Users\67539\AppData\Local\Yarn\bin

Yarn version: 
  1.7.0

Node version: 
  8.9.4

Platform: 
  win32 x64

Trace: 
  Error: ENOENT: no such file or directory, copyfile 'C:\Users\67539\AppData\Local\Yarn\Cache\v1\npm-setprototypeof-1.0.3-66567e37043eeb4f04d91bd658c0cbefb55b8e04\index.js' -> 'D:\node\nodeApi\node_modules\raw-body\node_modules\setprototypeof\index.js'

npm manifest: 
  {
    "name": "nodeapi",
    "version": "1.0.0",
    "description": "restapi",
    "main": "index.js",
    "scripts": {
      "start": "node server.js",
      "server": "nodemon server.js"
    },
    "author": "",
    "license": "ISC",
    "dependencies": {
      "express": "^4.16.3",
      "mongoose": "^5.1.4"
    }
  }

yarn manifest: 
  No manifest

Lockfile: 
  No lockfile
